// Sat Jul 19 01:35:54 UTC 2025
Optimize CLI output
Optimize CLI output
Detect new Unicode patterns
Fix edge case detection
Fix edge case detection
Refine character classification
Optimize CLI output
Detect new Unicode patterns
Improve scanning depth
// Activity 5206
// Activity 4838
// Activity 20970
// Activity 32433
// Activity 18925
// Activity 30292
// Activity 23151
// Activity 9315
// Refactor Unicode scanner
// Improve Zig CLI UX
// Refactor Unicode scanner
// Improve Zig CLI UX
// Update suspicious char rules
// Refactor Unicode scanner
// Update suspicious char rules
// Update suspicious char rules
// Code cleanup
// Improve Zig CLI UX
// Improve Zig CLI UX
// Refactor Unicode scanner
// Improve Zig CLI UX
// Improve Zig CLI UX
// Improve Zig CLI UX
// Refactor Unicode scanner
// Code cleanup
